<?xml version="1.0" encoding="UTF-8"?>
<testng-results skipped="0" failed="0" ignored="0" total="2" passed="2">
  <reporter-output>
  </reporter-output>
  <suite name="Default suite" duration-ms="83" started-at="2020-07-08T03:43:21Z" finished-at="2020-07-08T03:43:21Z">
    <groups>
    </groups>
    <test name="Default test" duration-ms="83" started-at="2020-07-08T03:43:21Z" finished-at="2020-07-08T03:43:21Z">
      <class name="testNG.TestAnnotations">
        <test-method status="PASS" signature="beforeAllTheTests()[pri:0, instance:testNG.TestAnnotations@6a41eaa2]" name="beforeAllTheTests" is-config="true" duration-ms="14" started-at="2020-07-07T23:43:21Z" finished-at="2020-07-07T23:43:21Z">
          <reporter-output>
          </reporter-output>
        </test-method> <!-- beforeAllTheTests -->
        <test-method status="PASS" signature="beforeClass()[pri:0, instance:testNG.TestAnnotations@6a41eaa2]" name="beforeClass" is-config="true" duration-ms="1" started-at="2020-07-07T23:43:21Z" finished-at="2020-07-07T23:43:21Z">
          <reporter-output>
          </reporter-output>
        </test-method> <!-- beforeClass -->
        <test-method status="PASS" signature="beforeEveryMethods()[pri:0, instance:testNG.TestAnnotations@6a41eaa2]" name="beforeEveryMethods" is-config="true" duration-ms="1" started-at="2020-07-07T23:43:21Z" finished-at="2020-07-07T23:43:21Z">
          <reporter-output>
          </reporter-output>
        </test-method> <!-- beforeEveryMethods -->
        <test-method status="PASS" signature="f1()[pri:0, instance:testNG.TestAnnotations@6a41eaa2]" name="f1" duration-ms="11" started-at="2020-07-07T23:43:21Z" finished-at="2020-07-07T23:43:21Z">
          <reporter-output>
          </reporter-output>
        </test-method> <!-- f1 -->
        <test-method status="PASS" signature="afterEveryMethods()[pri:0, instance:testNG.TestAnnotations@6a41eaa2]" name="afterEveryMethods" is-config="true" duration-ms="3" started-at="2020-07-07T23:43:21Z" finished-at="2020-07-07T23:43:21Z">
          <reporter-output>
          </reporter-output>
        </test-method> <!-- afterEveryMethods -->
        <test-method status="PASS" signature="beforeEveryMethods()[pri:0, instance:testNG.TestAnnotations@6a41eaa2]" name="beforeEveryMethods" is-config="true" duration-ms="1" started-at="2020-07-07T23:43:21Z" finished-at="2020-07-07T23:43:21Z">
          <reporter-output>
          </reporter-output>
        </test-method> <!-- beforeEveryMethods -->
        <test-method status="PASS" signature="f2()[pri:0, instance:testNG.TestAnnotations@6a41eaa2]" name="f2" duration-ms="2" started-at="2020-07-07T23:43:21Z" finished-at="2020-07-07T23:43:21Z">
          <reporter-output>
          </reporter-output>
        </test-method> <!-- f2 -->
        <test-method status="PASS" signature="afterEveryMethods()[pri:0, instance:testNG.TestAnnotations@6a41eaa2]" name="afterEveryMethods" is-config="true" duration-ms="1" started-at="2020-07-07T23:43:21Z" finished-at="2020-07-07T23:43:21Z">
          <reporter-output>
          </reporter-output>
        </test-method> <!-- afterEveryMethods -->
        <test-method status="PASS" signature="afterClass()[pri:0, instance:testNG.TestAnnotations@6a41eaa2]" name="afterClass" is-config="true" duration-ms="0" started-at="2020-07-07T23:43:21Z" finished-at="2020-07-07T23:43:21Z">
          <reporter-output>
          </reporter-output>
        </test-method> <!-- afterClass -->
        <test-method status="PASS" signature="afterAllTheTests()[pri:0, instance:testNG.TestAnnotations@6a41eaa2]" name="afterAllTheTests" is-config="true" duration-ms="12" started-at="2020-07-07T23:43:21Z" finished-at="2020-07-07T23:43:21Z">
          <reporter-output>
          </reporter-output>
        </test-method> <!-- afterAllTheTests -->
      </class> <!-- testNG.TestAnnotations -->
    </test> <!-- Default test -->
  </suite> <!-- Default suite -->
</testng-results>
